Сборка начата 29.09.2019 18:23:49.
     1>Проект "D:\C++projects\oop4\oop4\oop4.vcxproj" в узле 2 (целевые объекты Build).
     1>InitializeBuildStatus:
         Обращение к "Debug\oop4.tlog\unsuccessfulbuild".
       ClCompile:
         D:\VisualStudio\Professional\VC\Tools\MSVC\14.22.27905\bin\HostX86\x86\CL.exe /c /ZI /JMC /nologo /W3 /WX- /diagnostics:column /sdl /Od /Oy- /D _MBCS /Gm- /EHsc /RTC1 /MDd /GS /fp:precise /permissive- /Zc:wchar_t /Zc:forScope /Zc:inline /Fo"Debug\\" /Fd"Debug\vc142.pdb" /Gd /TP /analyze- /FC /errorReport:prompt oop4.cpp
         oop4.cpp
     1>D:\C++projects\oop4\oop4\oop4.cpp(8,22): warning C4305:  инициализация: усечение из "double" в "float"
       Link:
         D:\VisualStudio\Professional\VC\Tools\MSVC\14.22.27905\bin\HostX86\x86\link.exe /ERRORREPORT:PROMPT /OUT:"D:\C++projects\oop4\Debug\oop4.exe" /INCREMENTAL /NOLOGO kernel32.lib user32.lib gdi32.lib winspool.lib comdlg32.lib advapi32.lib shell32.lib ole32.lib oleaut32.lib uuid.lib odbc32.lib odbccp32.lib /MANIFEST /MANIFESTUAC:"level='asInvoker' uiAccess='false'" /manifest:embed /DEBUG:FASTLINK /PDB:"D:\C++projects\oop4\Debug\oop4.pdb" /SUBSYSTEM:CONSOLE /TLBID:1 /DYNAMICBASE /NXCOMPAT /IMPLIB:"D:\C++projects\oop4\Debug\oop4.lib" /MACHINE:X86 Debug\oop4.obj
         oop4.vcxproj -> D:\C++projects\oop4\Debug\oop4.exe
       FinalizeBuildStatus:
         Файл "Debug\oop4.tlog\unsuccessfulbuild" удаляется.
         Обращение к "Debug\oop4.tlog\oop4.lastbuildstate".
     1>Сборка проекта "D:\C++projects\oop4\oop4\oop4.vcxproj" завершена (целевые объекты Build).

Сборка успешно завершена.

       "D:\C++projects\oop4\oop4\oop4.vcxproj" (целевой объект Build ) (1) ->
       (Целевой объект ClCompile) -> 
         D:\C++projects\oop4\oop4\oop4.cpp(8,22): warning C4305:  инициализация: усечение из "double" в "float"

    Предупреждений: 1
    Ошибок: 0

Прошло времени 00:00:02.39
